11:29:07| Starting to retrieve data from swapi.dev
11:29:30| ----------------------------------------
11:29:30| Title   : Return of the Jedi
11:29:30| Director: Richard Marquand
11:29:30| Producer: Howard G. Kazanjian, George Lucas, Rick McCallum
11:29:30| Released: 1983-05-25
11:29:30| 
11:29:30| Characters: 20
11:29:30| Ackbar, Arvel Crynyd, Bib Fortuna, Boba Fett, C-3PO, Chewbacca, Darth Vader, Han Solo, Jabba Desilijic Tiure, Lando Calrissian, Leia Organa, Luke Skywalker, Mon Mothma, Nien Nunb, Obi-Wan Kenobi, Palpatine, R2-D2, Wedge Antilles, Wicket Systri Warrick, Yoda
11:29:30| 
11:29:30| Planets: 5
11:29:30| Coruscant, Dagobah, Endor, Naboo, Tatooine
11:29:30| 
11:29:30| Starships: 12
11:29:30| A-wing, B-wing, CR90 corvette, Calamari Cruiser, EF76 Nebulon-B escort frigate, Executor, Imperial shuttle, Millennium Falcon, Rebel transport, Star Destroyer, X-wing, Y-wing
11:29:30| 
11:29:30| Vehicles: 8
11:29:30| AT-AT, AT-ST, Bantha-II cargo skiff, Imperial Speeder Bike, Sail barge, TIE bomber, TIE/IN interceptor, TIE/LN starfighter
11:29:30| 
11:29:30| Species: 9
11:29:30| Droid, Ewok, Human, Hutt, Mon Calamari, Sullustan, Twi'lek, Wookie, Yoda's species
11:29:30| 
11:29:30| Total Time To complete = 23.47104280
11:29:30| There were 56 calls to swapi server
