15:17:18| Starting to retrieve data from swapi.dev
15:17:28| ----------------------------------------
15:17:28| Title   : Return of the Jedi
15:17:28| Director: Richard Marquand
15:17:28| Producer: Howard G. Kazanjian, George Lucas, Rick McCallum
15:17:28| Released: 1983-05-25
15:17:28| 
15:17:28| Characters: 20
15:17:28| Ackbar, Arvel Crynyd, Bib Fortuna, Boba Fett, C-3PO, Chewbacca, Darth Vader, Han Solo, Jabba Desilijic Tiure, Lando Calrissian, Leia Organa, Luke Skywalker, Mon Mothma, Nien Nunb, Obi-Wan Kenobi, Palpatine, R2-D2, Wedge Antilles, Wicket Systri Warrick, Yoda
15:17:28| 
15:17:28| Planets: 5
15:17:28| Coruscant, Dagobah, Endor, Naboo, Tatooine
15:17:28| 
15:17:28| Starships: 12
15:17:28| A-wing, B-wing, CR90 corvette, Calamari Cruiser, EF76 Nebulon-B escort frigate, Executor, Imperial shuttle, Millennium Falcon, Rebel transport, Star Destroyer, X-wing, Y-wing
15:17:28| 
15:17:28| Vehicles: 8
15:17:28| AT-AT, AT-ST, Bantha-II cargo skiff, Imperial Speeder Bike, Sail barge, TIE bomber, TIE/IN interceptor, TIE/LN starfighter
15:17:28| 
15:17:28| Species: 9
15:17:28| Droid, Ewok, Human, Hutt, Mon Calamari, Sullustan, Twi'lek, Wookie, Yoda's species
15:17:28| 
15:17:28| Total Time To complete = 10.40611100
15:17:28| There were 56 calls to swapi server
