19:59:30| Marble count                = 1000
19:59:30| settings["creator-delay"]   = 0.01
19:59:30| settings["bag-count"]       = 7
19:59:30| settings["bagger-delay"]    = 0.05
19:59:30| settings["assembler-delay"] = 0.05
19:59:30| settings["wrapper-delay"]   = 0.05
19:59:30| Create the processes
19:59:30| Starting the processes
19:59:30| Waiting for processes to finish
20:00:51| Contents of boxes.txt
20:00:51| Created: 20:00:33.566628 Large marble: Spinner, marbles: Pastel Gray, Spanish Pink, Fiery Rose, Rose Dust, Gold, Auburn, Gold
20:00:51| Created: 20:00:33.629711 Large marble: Zeus, marbles: Arylide Yellow, Neon Pink, Vegas Gold, Pale Cerulean, Light Orchid, Zomp, Almond
20:00:51| Created: 20:00:33.692914 Large marble: Hercules, marbles: Blue-Green, Cotton Candy, Cobalt Blue, Blue Bell, Arylide Yellow, Cotton Candy, Mango Tango
20:00:51| Created: 20:00:33.753514 Large marble: Winner, marbles: Cotton Candy, Candy Pink, Dark Moss Green, Royal Blue, Antique Brass, Arylide Yellow, Purple Plum
20:00:51| Created: 20:00:33.815042 Large marble: Spinner, marbles: Candy Pink, Venetian Red, Gold, Mulberry, Neon Dark Green, Gold, Emerald
20:00:51| Created: 20:00:33.875978 Large marble: Zeus, marbles: Lavender Purple, Lemon Lime, Brown, Tuscan Brown, Bistre Brown, Lumber, Ruby
20:00:51| Created: 20:00:33.937547 Large marble: Hercules, marbles: Mint Green, Emerald, Russian Violet, Outrageous Orange, Mango Tango, Blue Bell, Ruby
20:00:51| Created: 20:00:33.999192 Large marble: 5-Star, marbles: Pale Cerulean, Spanish Carmine, Emerald, Russian Violet, Outrageous Orange, Venetian Red, Blue
20:00:51| Created: 20:00:34.061593 Large marble: Apollo, marbles: Mimi Pink, Isabelline, Brown, Platinum, La Salle Green, Ivory, Ruby
20:00:51| Created: 20:00:34.123359 Large marble: Winner, marbles: Pale Goldenrod, Mint Green, Icterine, White Smoke, Cobalt Blue, Emerald, Royal Red
20:00:51| Created: 20:00:34.186522 Large marble: The Boss, marbles: Bistre Brown, Dark Fuchsia, Venetian Red, Liver Chestnut, Maximum Violet, Lilac Luster, Ruby
20:00:51| Created: 20:00:34.249572 Large marble: Winner, marbles: Almond, Russian Violet, Eerie Black, Vegas Gold, Dark Moss Green, Neon Pink, Russian Violet
20:00:51| Created: 20:00:34.313370 Large marble: Lucky, marbles: Orange Peel, Duke Blue, Indigo, Spanish Orange, Lumber, Sheen Green, Spanish Orange
20:00:51| Created: 20:00:34.374293 Large marble: Zeus, marbles: Purple Plum, Pale Taupe, Light Orange, Dark Fuchsia, Duke Blue, Rose Quartz, Spanish Carmine
20:00:51| Created: 20:00:34.436339 Large marble: 5-Star, marbles: Orange Peel, Dark Moss Green, Lavender Blue, Granny Smith Apple, Green, Dark Moss Green, Venetian Red
20:00:51| Created: 20:00:34.497889 Large marble: Hercules, marbles: Pale Plum, Lemon Lime, Neon Pink, Middle Green, Green, Beaver, Orange Peel
20:00:51| Created: 20:00:34.559015 Large marble: Winner, marbles: Blue-Green, Orange Soda, Gold, Big Dip O’ruby, Ruby, Bistre Brown, Almond
20:00:51| Created: 20:00:34.621825 Large marble: Winner, marbles: Gold, Rose Dust, Gold, Isabelline, Rose Dust, Auburn, Outrageous Orange
20:00:51| Created: 20:00:34.685008 Large marble: Lucky, marbles: Gold, Safety Yellow, Ruby, Shandy, Zomp, Sage, Maximum Blue
20:00:51| Created: 20:00:34.748380 Large marble: Sure Shot, marbles: Mulberry, Indigo, Auburn, Pale Goldenrod, Beaver, Gold, Rose Quartz
20:00:51| Created: 20:00:34.810326 Large marble: Sure Shot, marbles: Russian Violet, Pastel Gray, Rose Quartz, Light Orange, Lavender Blue, Lilac Luster, Cobalt Blue
20:00:51| Created: 20:00:34.873678 Large marble: Spinner, marbles: Bistre Brown, Cobalt Blue, Maximum Blue, Orange Soda, Maximum Purple, Lavender Blue, Green
20:00:51| Created: 20:00:34.935524 Large marble: Hercules, marbles: Liver Chestnut, Isabelline, Emerald, Liver Chestnut, Mode Beige, Lavender Blue, Royal Blue
20:00:51| Created: 20:00:34.997999 Large marble: Winner, marbles: Duke Blue, Isabelline, Mode Beige, Rose Dust, Sheen Green, Thulian Pink, Lavender Blue
20:00:51| Created: 20:00:35.061233 Large marble: Winner, marbles: Neon Dark Green, Silver Pink, Honeydew, Spanish Pink, Mint Cream, Terra Cotta, Orange Soda
20:00:51| Created: 20:00:35.121925 Large marble: 5-Star, marbles: Neon Pink, Lilac Luster, Isabelline, Orange Peel, Pale Taupe, Blue, Candy Pink
20:00:51| Created: 20:00:35.185878 Large marble: Sure Shot, marbles: Neon Dark Green, Vegas Gold, Neon Dark Green, Neon Pink, Mango Tango, Pale Goldenrod, Eerie Black
20:00:51| Created: 20:00:35.247448 Large marble: Winner, marbles: Fiery Rose, Royal Blue, Green, Slate Blue, Neon Dark Green, Neon Pink, Safety Yellow
20:00:51| Created: 20:00:35.310004 Large marble: Apollo, marbles: Auburn, Thulian Pink, Lemon Lime, Silver Pink, Ruby, Antique Bronze, Beaver
20:00:51| Created: 20:00:35.373155 Large marble: Lucky, marbles: Maximum Violet, Auburn, Chinese Red, Black Coral, Outrageous Orange, Middle Green, Purple Plum
20:00:51| Created: 20:00:35.435856 Large marble: Winner, marbles: Candy Pink, Mimi Pink, La Salle Green, Blue, Mode Beige, Beaver, Spanish Pink
20:00:51| Created: 20:00:35.497890 Large marble: Sure Shot, marbles: Pale Plum, Slate Blue, Mode Beige, Purple Plum, Neon Silver, Lavender Blue, Isabelline
20:00:51| Created: 20:00:35.560184 Large marble: Spinner, marbles: Ruby, White Smoke, Gold, Lumber, Mulberry, Mimi Pink, Lumber
20:00:51| Created: 20:00:35.621267 Large marble: Apollo, marbles: Orange Soda, Granny Smith Apple, Pastel Blue, Blue, Russian Green, Middle Green, Rose Quartz
20:00:51| Created: 20:00:35.684447 Large marble: Spinner, marbles: Green, Icterine, Russian Green, Middle Green Yellow, Purple, Bistre Brown, Vegas Gold
20:00:51| Created: 20:00:35.746825 Large marble: Lucky, marbles: Pale Taupe, White Smoke, Light Orange, Pale Plum, Silver Chalice, Blue Bell, Mulberry
20:00:51| Created: 20:00:35.808000 Large marble: 5-Star, marbles: Dark Fuchsia, Blue Bell, Golden Yellow, Thulian Pink, Venetian Red, Golden Yellow, Gold
20:00:51| Created: 20:00:35.870208 Large marble: Sure Shot, marbles: Gold, Pale Cerulean, Venetian Red, Blue-Green, Spanish Pink, Granny Smith Apple, Liver Chestnut
20:00:51| Created: 20:00:35.931821 Large marble: Apollo, marbles: Antique Bronze, Zomp, Honeydew, Silver Pink, Shandy, Mint Green, Neon Pink
20:00:51| Created: 20:00:35.993736 Large marble: 5-Star, marbles: Venetian Red, Pastel Blue, Blue Bell, Lavender Blue, Light Orange, Blue Bell, Terra Cotta
20:00:51| Created: 20:00:36.055213 Large marble: Sure Shot, marbles: Candy Pink, Green, Green, Blue Bell, Rose Dust, White Smoke, Blue Bell
20:00:51| Created: 20:00:36.118041 Large marble: The Boss, marbles: Chinese Red, Fiery Rose, Silver Pink, Mint Green, Pastel Gray, Lumber, Auburn
20:00:51| Created: 20:00:36.180435 Large marble: Spinner, marbles: Venetian Red, Antique Bronze, Lavender Blue, La Salle Green, Icterine, Middle Green, Isabelline
20:00:51| Created: 20:00:36.242843 Large marble: Winner, marbles: Almond, Thulian Pink, Zomp, Mulberry, Isabelline, Golden Yellow, Green
20:00:51| Created: 20:00:36.303765 Large marble: Spinner, marbles: Neon Pink, Mimi Pink, Orange Soda, Mimi Pink, Terra Cotta, Pastel Blue, Russian Violet
20:00:51| Created: 20:00:36.366611 Large marble: Zeus, marbles: Shandy, Lilac Luster, Neon Dark Green, Spanish Pink, Silver Chalice, Beaver, Orange Soda
20:00:51| Created: 20:00:36.430171 Large marble: Spinner, marbles: Sheen Green, White Smoke, Orange Soda, Neon Pink, Lemon Lime, Thulian Pink, Orange Peel
20:00:51| Created: 20:00:36.491644 Large marble: Hercules, marbles: Bistre Brown, Beaver, Brown, Orange Soda, Spanish Pink, Icterine, Neon Silver
20:00:51| Created: 20:00:36.553611 Large marble: Spinner, marbles: Beaver, Tuscan Brown, Mimi Pink, Eerie Black, Duke Blue, Light Orange, Sheen Green
20:00:51| Created: 20:00:36.616416 Large marble: Spinner, marbles: Sheen Green, Liver Chestnut, Pale Cerulean, Cobalt Blue, Mint Cream, Lavender Blue, Royal Red
20:00:51| Created: 20:00:36.677919 Large marble: Lucky, marbles: Russian Violet, Eerie Black, Cobalt Blue, Royal Blue, Neon Silver, Mint Cream, Orange Peel
20:00:51| Created: 20:00:36.740688 Large marble: Hercules, marbles: Spanish Orange, Antique Bronze, Purple Plum, Auburn, Light Orange, Dark Moss Green, White Smoke
20:00:51| Created: 20:00:36.802315 Large marble: Lucky, marbles: Ruby, Chinese Red, Safety Yellow, Golden Yellow, Emerald, Blue Bell, Mimi Pink
20:00:51| Created: 20:00:36.864976 Large marble: Zeus, marbles: Dark Fuchsia, Chinese Red, Royal Orange, Russian Violet, Rose Quartz, White Smoke, Icterine
20:00:51| Created: 20:00:36.927531 Large marble: 5-Star, marbles: Mango Tango, Spanish Carmine, Orange Soda, Ivory, Neon Silver, Lemon Lime, Tuscan Brown
20:00:51| Created: 20:00:36.988951 Large marble: 5-Star, marbles: Vegas Gold, Blue-Green, Terra Cotta, Bistre Brown, Isabelline, Middle Red Purple, Sage
20:00:51| Created: 20:00:37.051475 Large marble: Apollo, marbles: Gold, Russian Green, Spanish Orange, La Salle Green, Lemon Lime, Stop Red, Russian Violet
20:00:51| Created: 20:00:37.114353 Large marble: Hercules, marbles: Sheen Green, Orange Soda, Silver Pink, Slate Blue, Lumber, White Smoke, Outrageous Orange
20:00:51| Created: 20:00:37.175923 Large marble: Hercules, marbles: Gold, White Smoke, Safety Yellow, Fiery Rose, Lavender Purple, Orange Peel, Brink Pink
20:00:51| Created: 20:00:37.238093 Large marble: Hercules, marbles: Orange Soda, White Smoke, Spanish Orange, Liver Chestnut, Russian Violet, Lavender Purple, Terra Cotta
20:00:51| Created: 20:00:37.301710 Large marble: Hercules, marbles: Orange Soda, Golden Yellow, Fiery Rose, Green, Pale Goldenrod, Blue, Green
20:00:51| Created: 20:00:37.363916 Large marble: Sure Shot, marbles: Gold, Fiery Rose, Russian Violet, Duke Blue, Big Dip O’ruby, Antique Brass, Blue
20:00:51| Created: 20:00:37.424813 Large marble: Lucky, marbles: Safety Yellow, Gold, Antique Bronze, Pale Plum, Royal Orange, Thulian Pink, Lavender Purple
20:00:51| Created: 20:00:37.486682 Large marble: 5-Star, marbles: Neon Pink, Orange Soda, Isabelline, Golden Yellow, Granny Smith Apple, Antique Brass, Eerie Black
20:00:51| Created: 20:00:37.548722 Large marble: Lucky, marbles: Outrageous Orange, Bistre Brown, Middle Green, Blue, Auburn, Orange Soda, Pale Goldenrod
20:00:51| Created: 20:00:37.612019 Large marble: Zeus, marbles: Spanish Carmine, Lilac Luster, Brown, Mint Green, Purple, Slate Blue, Rose Dust
20:00:51| Created: 20:00:37.674523 Large marble: Apollo, marbles: Russian Violet, Silver Chalice, Rose Dust, Rose Quartz, Black Coral, Honeydew, Orange Peel
20:00:51| Created: 20:00:37.737835 Large marble: Sure Shot, marbles: Middle Red Purple, Orange Peel, Purple, Venetian Red, Safety Yellow, Maximum Blue, Neon Silver
20:00:51| Created: 20:00:37.800403 Large marble: Apollo, marbles: Ruby, Silver Chalice, Mode Beige, Pale Taupe, Spanish Orange, Stop Red, Granny Smith Apple
20:00:51| Created: 20:00:37.862796 Large marble: Sure Shot, marbles: Purple Plum, Ivory, Gold, La Salle Green, Antique Bronze, Orange Soda, Brink Pink
20:00:51| Created: 20:00:37.924740 Large marble: Hercules, marbles: Brink Pink, Pastel Blue, Neon Dark Green, Royal Red, Mango Tango, Sage, Mint Cream
20:00:51| Created: 20:00:37.986301 Large marble: Spinner, marbles: Dark Moss Green, Antique Bronze, Almond, Zomp, Stop Red, Antique Brass, Isabelline
20:00:51| Created: 20:00:38.048942 Large marble: Spinner, marbles: Orange Soda, Light Orange, Antique Brass, Icterine, Arylide Yellow, Purple Plum, Safety Yellow
20:00:51| Created: 20:00:38.111761 Large marble: Hercules, marbles: Maximum Violet, Blue-Green, Ruby, Spanish Pink, Antique Bronze, Antique Bronze, Russian Green
20:00:51| Created: 20:00:38.174570 Large marble: The Boss, marbles: Silver Chalice, Duke Blue, Russian Violet, Silver Chalice, Maximum Violet, Middle Red Purple, Silver Pink
20:00:51| Created: 20:00:38.236575 Large marble: Hercules, marbles: Middle Green, La Salle Green, Royal Orange, Slate Blue, Icterine, La Salle Green, Duke Blue
20:00:51| Created: 20:00:38.297754 Large marble: Sure Shot, marbles: Lemon Lime, Honeydew, Lilac Luster, Mint Cream, Almond, Pale Plum, Spanish Orange
20:00:51| Created: 20:00:38.359837 Large marble: Zeus, marbles: Arylide Yellow, Venetian Red, Spanish Pink, Russian Violet, Russian Green, Blue, Tuscan Brown
20:00:51| Created: 20:00:38.422701 Large marble: Lucky, marbles: Middle Green Yellow, Safety Yellow, Pale Taupe, Mode Beige, Blue Bell, Brink Pink, Cobalt Blue
20:00:51| Created: 20:00:38.485506 Large marble: Spinner, marbles: Pastel Blue, Bistre Brown, White Smoke, Duke Blue, Cobalt Blue, Safety Yellow, Gold
20:00:51| Created: 20:00:38.547255 Large marble: Zeus, marbles: Pale Plum, Fiery Rose, Blue, Almond, Russian Violet, Indigo, Mode Beige
20:00:51| Created: 20:00:38.608532 Large marble: Apollo, marbles: Brown, Middle Green Yellow, Spanish Pink, Pale Plum, Spanish Orange, Honeydew, Blue
20:00:51| Created: 20:00:38.669783 Large marble: Hercules, marbles: Dark Moss Green, Bistre Brown, Silver Chalice, Purple Plum, Gold, Gold, Stop Red
20:00:51| Created: 20:00:38.732286 Large marble: Winner, marbles: Neon Dark Green, Bistre Brown, Arylide Yellow, Terra Cotta, Middle Green Yellow, Neon Dark Green, Dark Moss Green
20:00:51| Created: 20:00:38.794232 Large marble: Lucky, marbles: Almond, Silver Pink, Light Orange, Dark Fuchsia, Dark Moss Green, Big Dip O’ruby, Royal Orange
20:00:51| Created: 20:00:38.856530 Large marble: Lucky, marbles: Spanish Pink, Outrageous Orange, Dark Fuchsia, Neon Silver, Brink Pink, Sheen Green, Middle Red Purple
20:00:51| Created: 20:00:38.918808 Large marble: Apollo, marbles: Maximum Purple, Spanish Orange, Black Coral, Brown, Maximum Purple, Antique Brass, Tuscan Brown
20:00:51| Created: 20:00:38.980425 Large marble: Hercules, marbles: Liver Chestnut, Neon Silver, Candy Pink, Spanish Carmine, Golden Yellow, Gold, Pastel Gray
20:00:51| Created: 20:00:39.041980 Large marble: Spinner, marbles: Middle Green Yellow, Maximum Violet, Duke Blue, Vegas Gold, Venetian Red, Pale Plum, Neon Silver
20:00:51| Created: 20:00:39.105207 Large marble: Apollo, marbles: Mulberry, Granny Smith Apple, Brown, Ruby, Thulian Pink, Mode Beige, Pastel Gray
20:00:51| Created: 20:00:39.166796 Large marble: Spinner, marbles: Orange Soda, Lemon Lime, Candy Pink, Vegas Gold, Middle Green Yellow, Terra Cotta, Lilac Luster
20:00:51| Created: 20:00:39.228641 Large marble: 5-Star, marbles: Silver Pink, Bistre Brown, Royal Red, Orange Peel, Mode Beige, Neon Dark Green, Dark Fuchsia
20:00:51| Created: 20:00:39.291076 Large marble: Hercules, marbles: Mode Beige, Chinese Red, Purple Plum, La Salle Green, Cobalt Blue, Honeydew, Antique Brass
20:00:51| Created: 20:00:39.353475 Large marble: Winner, marbles: Granny Smith Apple, Golden Yellow, Cotton Candy, Chinese Red, Gold, Almond, Blue Bell
20:00:51| Created: 20:00:39.416031 Large marble: Lucky, marbles: Russian Green, Maximum Purple, Neon Dark Green, Rose Dust, Cotton Candy, Pale Cerulean, Eerie Black
20:00:51| Created: 20:00:39.478228 Large marble: Apollo, marbles: Russian Green, Safety Yellow, Orange Soda, Lumber, Rose Quartz, Blue-Green, Lumber
20:00:51| Created: 20:00:39.540308 Large marble: Zeus, marbles: Pale Cerulean, Mulberry, Mint Cream, Fiery Rose, Pastel Blue, Purple Plum, Orange Peel
20:00:51| Created: 20:00:39.603381 Large marble: Zeus, marbles: Green, Almond, Lemon Lime, Bistre Brown, Honeydew, Sheen Green, Black Coral
20:00:51| Created: 20:00:39.665373 Large marble: Lucky, marbles: Black Coral, Fiery Rose, Purple, Brink Pink, Middle Green, Big Dip O’ruby, Antique Brass
20:00:51| Created: 20:00:39.726964 Large marble: Apollo, marbles: Granny Smith Apple, Emerald, Lavender Blue, Stop Red, Mint Green, Brink Pink, Neon Pink
20:00:51| Created: 20:00:39.788639 Large marble: Sure Shot, marbles: Mode Beige, Platinum, Duke Blue, Silver Chalice, Maximum Violet, Lavender Purple, Antique Brass
20:00:51| Created: 20:00:39.851895 Large marble: The Boss, marbles: Neon Dark Green, Purple Plum, Gold, Liver Chestnut, Stop Red, Slate Blue, Stop Red
20:00:51| Created: 20:00:39.914297 Large marble: Lucky, marbles: Ivory, Candy Pink, Lumber, Neon Silver, Pale Taupe, Spanish Orange, Middle Green
20:00:51| Created: 20:00:39.977489 Large marble: Sure Shot, marbles: Maximum Blue, Rose Dust, Silver Chalice, Neon Dark Green, Silver Chalice, Spanish Carmine, Mint Green
20:00:51| Created: 20:00:40.038980 Large marble: Zeus, marbles: Bistre Brown, Golden Yellow, Pale Goldenrod, Cobalt Blue, Sheen Green, Mango Tango, Dark Fuchsia
20:00:51| Created: 20:00:40.102012 Large marble: 5-Star, marbles: Shandy, Ivory, Light Orange, Beaver, Blue Bell, Neon Silver, Pastel Gray
20:00:51| Created: 20:00:40.164157 Large marble: Hercules, marbles: Thulian Pink, Shandy, Arylide Yellow, Pale Goldenrod, Light Orange, Outrageous Orange, Venetian Red
20:00:51| Created: 20:00:40.225674 Large marble: Zeus, marbles: Neon Dark Green, Light Orange, Mint Cream, Terra Cotta, Sage, Mimi Pink, Dark Fuchsia
20:00:51| Created: 20:00:40.287315 Large marble: 5-Star, marbles: Russian Green, Almond, Lilac Luster, Honeydew, Maximum Violet, Indigo, Almond
20:00:51| Created: 20:00:40.349440 Large marble: Apollo, marbles: Indigo, Rose Dust, Liver Chestnut, Big Dip O’ruby, Stop Red, Isabelline, Zomp
20:00:51| Created: 20:00:40.411174 Large marble: The Boss, marbles: Thulian Pink, Pale Plum, La Salle Green, Dark Fuchsia, Sage, Chinese Red, Golden Yellow
20:00:51| Created: 20:00:40.472306 Large marble: Spinner, marbles: Vegas Gold, Pale Goldenrod, Royal Blue, Honeydew, Zomp, Mango Tango, Isabelline
20:00:51| Created: 20:00:40.534786 Large marble: Hercules, marbles: Orange Peel, Blue, Platinum, Cobalt Blue, Gold, Lavender Blue, Royal Orange
20:00:51| Created: 20:00:40.597465 Large marble: Sure Shot, marbles: Silver Chalice, Fiery Rose, Middle Green, Big Dip O’ruby, Gold, Royal Red, Neon Dark Green
20:00:51| Created: 20:00:40.659225 Large marble: Apollo, marbles: Bistre Brown, Spanish Carmine, Lumber, Mimi Pink, Mimi Pink, Russian Green, Dark Moss Green
20:00:51| Created: 20:00:40.721593 Large marble: 5-Star, marbles: Stop Red, White Smoke, Mint Cream, Russian Green, Cotton Candy, Auburn, Spanish Carmine
20:00:51| Created: 20:00:40.783627 Large marble: Sure Shot, marbles: Gold, Spanish Pink, Mimi Pink, White Smoke, Candy Pink, Candy Pink, Bistre Brown
20:00:51| Created: 20:00:40.845992 Large marble: Zeus, marbles: Thulian Pink, Ruby, Big Dip O’ruby, Indigo, Antique Brass, Indigo, Candy Pink
20:00:51| Created: 20:00:40.908373 Large marble: Spinner, marbles: Sage, Russian Green, White Smoke, Stop Red, Eerie Black, Pastel Gray, Lilac Luster
20:00:51| Created: 20:00:40.970810 Large marble: Lucky, marbles: Pastel Blue, Royal Red, Maximum Violet, Light Orange, Maximum Blue, Russian Violet, Vegas Gold
20:00:51| Created: 20:00:41.033194 Large marble: Hercules, marbles: Pale Goldenrod, Terra Cotta, Auburn, Royal Red, Chinese Red, Auburn, Cotton Candy
20:00:51| Created: 20:00:41.097245 Large marble: Sure Shot, marbles: Auburn, Maximum Purple, Shandy, Cotton Candy, Blue Bell, Big Dip O’ruby, Mode Beige
20:00:51| Created: 20:00:41.158481 Large marble: Apollo, marbles: Royal Orange, Zomp, Maximum Violet, Ivory, Neon Dark Green, Green, Pale Taupe
20:00:51| Created: 20:00:41.222238 Large marble: Spinner, marbles: Blue, Silver Chalice, Silver Pink, Middle Green, Bistre Brown, Dark Fuchsia, Mode Beige
20:00:51| Created: 20:00:41.285008 Large marble: Spinner, marbles: Lemon Lime, Outrageous Orange, Spanish Orange, Royal Blue, Russian Violet, Middle Red Purple, Vegas Gold
20:00:51| Created: 20:00:41.348014 Large marble: Sure Shot, marbles: Icterine, Light Orange, Safety Yellow, Shandy, Pale Taupe, Brown, Maximum Violet
20:00:51| Created: 20:00:41.409848 Large marble: Apollo, marbles: Granny Smith Apple, Pale Cerulean, Stop Red, Orange Peel, Maximum Violet, Vegas Gold, Green
20:00:51| Created: 20:00:41.472733 Large marble: Lucky, marbles: Candy Pink, Venetian Red, Emerald, Dark Moss Green, Emerald, Beaver, Orange Soda
20:00:51| Created: 20:00:41.535033 Large marble: Hercules, marbles: Beaver, Vegas Gold, Russian Violet, Neon Pink, Spanish Carmine, Honeydew, Blue
20:00:51| Created: 20:00:41.598498 Large marble: The Boss, marbles: Middle Red Purple, Liver Chestnut, Lemon Lime, Auburn, Granny Smith Apple, Chinese Red, Spanish Carmine
20:00:51| Created: 20:00:41.660030 Large marble: The Boss, marbles: Lilac Luster, Dark Fuchsia, Eerie Black, Brink Pink, Tuscan Brown, Venetian Red, Golden Yellow
20:00:51| Created: 20:00:41.721772 Large marble: Apollo, marbles: Ivory, Chinese Red, Gold, Auburn, Sheen Green, Pastel Blue, La Salle Green
20:00:51| Created: 20:00:41.784388 Large marble: Hercules, marbles: Platinum, Granny Smith Apple, Big Dip O’ruby, Light Orange, Middle Green Yellow, Beaver, Maximum Blue
20:00:51| Created: 20:00:41.847427 Large marble: Spinner, marbles: Safety Yellow, Mulberry, Maximum Purple, Sage, Silver Pink, Icterine, Rose Dust
20:00:51| Created: 20:00:41.909614 Large marble: Apollo, marbles: Zomp, Gold, Lilac Luster, Light Orange, Maximum Blue, Russian Green, Lavender Blue
20:00:51| Created: 20:00:41.971850 Large marble: Zeus, marbles: Granny Smith Apple, Honeydew, Pastel Blue, Bistre Brown, Platinum, Fiery Rose, Mango Tango
20:00:51| Created: 20:00:42.033731 Large marble: The Boss, marbles: Orange Soda, Light Orange, Mimi Pink, Outrageous Orange, Spanish Orange, Duke Blue, Slate Blue
20:00:51| Created: 20:00:42.094840 Large marble: 5-Star, marbles: Vegas Gold, Sage, Mango Tango, Safety Yellow, Maximum Violet, Arylide Yellow, Blue Bell
20:00:51| Created: 20:00:42.155895 Large marble: Winner, marbles: Isabelline, Beaver, Indigo, Rose Quartz, Neon Pink, Venetian Red, Almond
20:00:51| Created: 20:00:42.218700 Large marble: Zeus, marbles: Middle Green, Pastel Gray, Bistre Brown, Ruby, Lumber, Duke Blue, Lavender Purple
20:00:51| Created: 20:00:42.280846 Large marble: 5-Star, marbles: Cotton Candy, Spanish Pink, Mango Tango, Spanish Orange, Maximum Violet, Liver Chestnut, Lemon Lime
20:00:51| Created: 20:00:42.343024 Large marble: The Boss, marbles: Middle Green, Pale Plum, Beaver, Eerie Black, Thulian Pink, Brink Pink, Middle Green Yellow
