19:33:34| Marble count                = 1000
19:33:34| settings["creator-delay"]   = 0.01
19:33:34| settings["bag-count"]       = 7
19:33:34| settings["bagger-delay"]    = 0.05
19:33:34| settings["assembler-delay"] = 0.05
19:33:34| settings["wrapper-delay"]   = 0.05
19:33:34| Create the processes
19:33:34| Starting the processes
19:33:35| Waiting for processes to finish
19:34:57| Contents of boxes.txt
19:34:57| Created - 19:34:39.510387 Large marble: Lucky, marbles: Icterine, Dark Fuchsia, Granny Smith Apple, Terra Cotta, Bistre Brown, Antique Brass, Indigo
19:34:57| Created - 19:34:39.572583 Large marble: Spinner, marbles: Emerald, Mimi Pink, Golden Yellow, Arylide Yellow, Spanish Carmine, Dark Moss Green, Isabelline
19:34:57| Created - 19:34:39.634965 Large marble: Zeus, marbles: Dark Fuchsia, White Smoke, Neon Dark Green, Middle Green Yellow, Liver Chestnut, Blue-Green, Auburn
19:34:57| Created - 19:34:39.696291 Large marble: Winner, marbles: Mint Cream, Pale Cerulean, Lavender Purple, La Salle Green, Neon Silver, Granny Smith Apple, White Smoke
19:34:57| Created - 19:34:39.758749 Large marble: Apollo, marbles: Shandy, Emerald, Middle Green, Granny Smith Apple, Dark Fuchsia, Pale Cerulean, Emerald
19:34:57| Created - 19:34:39.821901 Large marble: Spinner, marbles: Light Orange, Brown, Mint Green, Lemon Lime, Venetian Red, Bistre Brown, Golden Yellow
19:34:57| Created - 19:34:39.884368 Large marble: The Boss, marbles: Pale Cerulean, Mulberry, White Smoke, Middle Green, Outrageous Orange, Almond, Sheen Green
19:34:57| Created - 19:34:39.947225 Large marble: Hercules, marbles: Mango Tango, Purple Plum, Lavender Purple, Duke Blue, Pale Cerulean, Almond, Platinum
19:34:57| Created - 19:34:40.010076 Large marble: Lucky, marbles: Platinum, Icterine, Spanish Carmine, Gold, Brown, Black Coral, Golden Yellow
19:34:57| Created - 19:34:40.072392 Large marble: The Boss, marbles: Lilac Luster, Gold, Spanish Carmine, Neon Silver, Auburn, Pale Taupe, Pale Plum
19:34:57| Created - 19:34:40.135070 Large marble: Sure Shot, marbles: Emerald, Pastel Gray, Auburn, Lemon Lime, Purple, Blue, Auburn
19:34:57| Created - 19:34:40.196994 Large marble: Zeus, marbles: Tuscan Brown, Bistre Brown, Big Dip O’ruby, Purple, Middle Green, Isabelline, Purple Plum
19:34:57| Created - 19:34:40.259196 Large marble: Winner, marbles: Mint Green, Pale Goldenrod, Silver Pink, Russian Violet, Lemon Lime, Pale Taupe, Maximum Blue
19:34:57| Created - 19:34:40.321657 Large marble: Winner, marbles: Bistre Brown, Icterine, Bistre Brown, Mint Green, Orange Peel, Mulberry, Maximum Violet
19:34:57| Created - 19:34:40.384462 Large marble: Lucky, marbles: Duke Blue, Maximum Violet, Mulberry, Pale Cerulean, Lavender Purple, Dark Fuchsia, Safety Yellow
19:34:57| Created - 19:34:40.446943 Large marble: Spinner, marbles: Lavender Blue, Sheen Green, Cotton Candy, Arylide Yellow, Orange Soda, Terra Cotta, Middle Green
19:34:57| Created - 19:34:40.509091 Large marble: Apollo, marbles: Mode Beige, Rose Dust, Vegas Gold, Honeydew, Terra Cotta, Arylide Yellow, Silver Chalice
19:34:57| Created - 19:34:40.571433 Large marble: Spinner, marbles: Orange Soda, Neon Dark Green, Blue Bell, Pale Goldenrod, Cotton Candy, Eerie Black, Silver Pink
19:34:57| Created - 19:34:40.633441 Large marble: Winner, marbles: Liver Chestnut, Chinese Red, Eerie Black, Stop Red, Mint Green, Rose Quartz, Spanish Orange
19:34:57| Created - 19:34:40.696201 Large marble: Zeus, marbles: Lavender Purple, Middle Red Purple, Brown, Mint Cream, Ivory, Royal Blue, Black Coral
19:34:57| Created - 19:34:40.758519 Large marble: Apollo, marbles: Light Orchid, Maximum Purple, Cobalt Blue, Granny Smith Apple, Blue, Zomp, Brown
19:34:57| Created - 19:34:40.820967 Large marble: Spinner, marbles: Dark Fuchsia, Maximum Blue, Purple, Neon Dark Green, Royal Orange, Icterine, Pastel Blue
19:34:57| Created - 19:34:40.883626 Large marble: Spinner, marbles: Safety Yellow, Dark Fuchsia, Spanish Pink, Honeydew, Chinese Red, Gold, Shandy
19:34:57| Created - 19:34:40.946396 Large marble: Zeus, marbles: Orange Soda, Big Dip O’ruby, Gold, Royal Red, Mulberry, Purple Plum, Orange Soda
19:34:57| Created - 19:34:41.008195 Large marble: 5-Star, marbles: Rose Quartz, Rose Dust, Neon Dark Green, Eerie Black, Shandy, Pastel Gray, Silver Pink
19:34:57| Created - 19:34:41.070476 Large marble: The Boss, marbles: Zomp, Royal Blue, Spanish Carmine, Honeydew, Gold, Royal Red, Sheen Green
19:34:57| Created - 19:34:41.133307 Large marble: Sure Shot, marbles: Middle Red Purple, Fiery Rose, Terra Cotta, Middle Green Yellow, Stop Red, Venetian Red, Vegas Gold
19:34:57| Created - 19:34:41.196325 Large marble: Spinner, marbles: Almond, Black Coral, Antique Bronze, Orange Peel, Arylide Yellow, Antique Bronze, Purple Plum
19:34:57| Created - 19:34:41.258332 Large marble: Spinner, marbles: Golden Yellow, Ivory, Duke Blue, Orange Peel, Safety Yellow, Mint Cream, Sheen Green
19:34:57| Created - 19:34:41.319780 Large marble: Zeus, marbles: Arylide Yellow, Cobalt Blue, Isabelline, Royal Red, Blue, Purple, Fiery Rose
19:34:57| Created - 19:34:41.381950 Large marble: Apollo, marbles: Shandy, Lilac Luster, Green, Blue-Green, Eerie Black, Light Orange, Pale Plum
19:34:57| Created - 19:34:41.443229 Large marble: The Boss, marbles: Vegas Gold, Shandy, Spanish Orange, Middle Green, Purple, Russian Violet, Arylide Yellow
19:34:57| Created - 19:34:41.505158 Large marble: 5-Star, marbles: Royal Blue, Silver Chalice, Maximum Blue, Royal Red, Chinese Red, Middle Green, Brink Pink
19:34:57| Created - 19:34:41.566506 Large marble: The Boss, marbles: Blue, Blue, Vegas Gold, Gold, Orange Peel, Spanish Carmine, Fiery Rose
19:34:57| Created - 19:34:41.631987 Large marble: Zeus, marbles: Orange Peel, Emerald, Rose Dust, Green, Cotton Candy, Pale Cerulean, Blue Bell
19:34:57| Created - 19:34:41.691730 Large marble: 5-Star, marbles: Indigo, Russian Violet, Pale Taupe, Blue, Light Orange, Neon Pink, Duke Blue
19:34:57| Created - 19:34:41.753687 Large marble: Spinner, marbles: Eerie Black, Honeydew, Pastel Gray, Fiery Rose, Zomp, Blue Bell, Russian Violet
19:34:57| Created - 19:34:41.816740 Large marble: Lucky, marbles: Duke Blue, Cotton Candy, Zomp, Sage, Ivory, Silver Chalice, Platinum
19:34:57| Created - 19:34:41.878215 Large marble: Hercules, marbles: Shandy, Antique Bronze, Lumber, Spanish Pink, Ivory, Spanish Carmine, Candy Pink
19:34:57| Created - 19:34:41.941711 Large marble: Zeus, marbles: Fiery Rose, Tuscan Brown, Safety Yellow, Slate Blue, Fiery Rose, Liver Chestnut, Neon Dark Green
19:34:57| Created - 19:34:42.003441 Large marble: Spinner, marbles: Platinum, Maximum Blue, Middle Green, Sage, Orange Soda, Gold, Golden Yellow
19:34:57| Created - 19:34:42.066381 Large marble: Spinner, marbles: Chinese Red, Slate Blue, Gold, Platinum, Lemon Lime, Tuscan Brown, Orange Soda
19:34:57| Created - 19:34:42.128820 Large marble: Zeus, marbles: Duke Blue, Maximum Purple, Vegas Gold, Zomp, Gold, Blue Bell, Indigo
19:34:57| Created - 19:34:42.192018 Large marble: Zeus, marbles: Neon Dark Green, Blue Bell, Middle Green, Brown, Liver Chestnut, Fiery Rose, Vegas Gold
19:34:57| Created - 19:34:42.254730 Large marble: The Boss, marbles: Thulian Pink, Ivory, Neon Dark Green, Terra Cotta, Liver Chestnut, Lavender Purple, Antique Bronze
19:34:57| Created - 19:34:42.316703 Large marble: Hercules, marbles: Isabelline, Mint Green, Neon Silver, Neon Pink, Almond, Auburn, Honeydew
19:34:57| Created - 19:34:42.379370 Large marble: Lucky, marbles: Neon Pink, Emerald, Lilac Luster, Terra Cotta, Silver Pink, Auburn, Pastel Gray
19:34:57| Created - 19:34:42.441488 Large marble: The Boss, marbles: Almond, Lilac Luster, Fiery Rose, Gold, Spanish Pink, Royal Orange, Spanish Pink
19:34:57| Created - 19:34:42.504346 Large marble: 5-Star, marbles: Mint Cream, Royal Orange, Honeydew, Vegas Gold, Maximum Blue, Beaver, Light Orange
19:34:57| Created - 19:34:42.566423 Large marble: Spinner, marbles: Maximum Blue, Vegas Gold, Zomp, Cotton Candy, Pastel Gray, Outrageous Orange, Spanish Pink
19:34:57| Created - 19:34:42.628123 Large marble: Winner, marbles: Pale Goldenrod, Middle Green Yellow, Silver Chalice, Zomp, Cobalt Blue, Stop Red, Orange Soda
19:34:57| Created - 19:34:42.689569 Large marble: Zeus, marbles: Blue, Antique Bronze, Purple, Shandy, Silver Chalice, Light Orchid, Pastel Gray
19:34:57| Created - 19:34:42.752741 Large marble: 5-Star, marbles: Mint Green, Slate Blue, Lumber, Orange Soda, Emerald, Sheen Green, Lavender Purple
19:34:57| Created - 19:34:42.814223 Large marble: Zeus, marbles: Maximum Purple, Gold, Pale Cerulean, Spanish Pink, Antique Bronze, Lemon Lime, Indigo
19:34:57| Created - 19:34:42.876136 Large marble: Zeus, marbles: Silver Pink, Vegas Gold, Maximum Purple, Orange Peel, Royal Orange, Neon Dark Green, Sage
19:34:57| Created - 19:34:42.938518 Large marble: 5-Star, marbles: Spanish Carmine, Blue Bell, Royal Blue, Safety Yellow, Candy Pink, Ivory, Cobalt Blue
19:34:57| Created - 19:34:43.000871 Large marble: Sure Shot, marbles: Mint Green, Gold, Lavender Purple, Zomp, Arylide Yellow, Liver Chestnut, Pale Cerulean
19:34:57| Created - 19:34:43.063407 Large marble: Spinner, marbles: Neon Silver, Maximum Purple, Tuscan Brown, Middle Red Purple, Gold, Big Dip O’ruby, Golden Yellow
19:34:57| Created - 19:34:43.127487 Large marble: Apollo, marbles: Zomp, Black Coral, Zomp, Royal Red, Purple Plum, Pale Taupe, Thulian Pink
19:34:57| Created - 19:34:43.190505 Large marble: Sure Shot, marbles: Tuscan Brown, Orange Soda, Middle Red Purple, Neon Pink, Lilac Luster, Platinum, Mint Green
19:34:57| Created - 19:34:43.254564 Large marble: Zeus, marbles: Dark Moss Green, Dark Moss Green, Light Orange, Light Orchid, Russian Violet, Indigo, Arylide Yellow
19:34:57| Created - 19:34:43.316135 Large marble: Hercules, marbles: Ivory, Purple, Blue, Emerald, Royal Red, Honeydew, Chinese Red
19:34:57| Created - 19:34:43.378228 Large marble: Lucky, marbles: Brink Pink, Mint Green, Pale Goldenrod, Maximum Blue, Fiery Rose, Stop Red, White Smoke
19:34:57| Created - 19:34:43.440588 Large marble: Lucky, marbles: Isabelline, Spanish Orange, Light Orchid, Pastel Blue, Rose Quartz, Light Orange, Antique Brass
19:34:57| Created - 19:34:43.502492 Large marble: Zeus, marbles: Pastel Blue, Middle Red Purple, Lilac Luster, Brown, Duke Blue, Neon Pink, Rose Dust
19:34:57| Created - 19:34:43.565303 Large marble: Lucky, marbles: Silver Chalice, Silver Chalice, Zomp, Royal Orange, Icterine, Russian Green, Purple Plum
19:34:57| Created - 19:34:43.628230 Large marble: The Boss, marbles: Slate Blue, Outrageous Orange, Cotton Candy, Pale Taupe, Pale Goldenrod, Outrageous Orange, Pale Cerulean
19:34:57| Created - 19:34:43.690455 Large marble: Spinner, marbles: Purple Plum, Blue, Blue Bell, Blue, Blue Bell, Shandy, Outrageous Orange
19:34:57| Created - 19:34:43.752196 Large marble: The Boss, marbles: Terra Cotta, Blue, Pale Goldenrod, Candy Pink, Mulberry, Royal Blue, Brink Pink
19:34:57| Created - 19:34:43.813431 Large marble: Winner, marbles: Platinum, Sheen Green, Mulberry, Mimi Pink, Russian Green, Silver Pink, Eerie Black
19:34:57| Created - 19:34:43.874740 Large marble: Zeus, marbles: Brink Pink, Brink Pink, Blue-Green, Honeydew, Russian Green, Beaver, Pale Taupe
19:34:57| Created - 19:34:43.936226 Large marble: Apollo, marbles: Cobalt Blue, Safety Yellow, Antique Bronze, Brink Pink, Light Orchid, Lumber, Maximum Purple
19:34:57| Created - 19:34:43.998016 Large marble: Spinner, marbles: Orange Soda, Antique Brass, Cobalt Blue, Safety Yellow, Ruby, Green, Gold
19:34:57| Created - 19:34:44.059977 Large marble: Zeus, marbles: Silver Pink, Middle Green Yellow, Orange Peel, Honeydew, Purple Plum, Ruby, Mode Beige
19:34:57| Created - 19:34:44.122846 Large marble: Spinner, marbles: Black Coral, Dark Fuchsia, Pale Goldenrod, Lavender Purple, Indigo, Tuscan Brown, Light Orange
19:34:57| Created - 19:34:44.185001 Large marble: Hercules, marbles: La Salle Green, Mode Beige, Maximum Blue, Orange Soda, Granny Smith Apple, Chinese Red, Black Coral
19:34:57| Created - 19:34:44.248213 Large marble: Spinner, marbles: Silver Pink, Honeydew, Indigo, Blue Bell, Orange Soda, Icterine, Purple
19:34:57| Created - 19:34:44.309875 Large marble: Apollo, marbles: Auburn, La Salle Green, Dark Fuchsia, Chinese Red, Pastel Blue, Antique Brass, Light Orchid
19:34:57| Created - 19:34:44.373107 Large marble: Apollo, marbles: Mint Green, Terra Cotta, Eerie Black, White Smoke, Lavender Purple, Venetian Red, Thulian Pink
19:34:57| Created - 19:34:44.435475 Large marble: Hercules, marbles: Pale Goldenrod, Orange Peel, Cobalt Blue, Orange Soda, Eerie Black, Arylide Yellow, Pale Plum
19:34:57| Created - 19:34:44.497574 Large marble: Winner, marbles: Beaver, Mode Beige, Ruby, Slate Blue, Silver Pink, Outrageous Orange, Neon Pink
19:34:57| Created - 19:34:44.561054 Large marble: The Boss, marbles: Mimi Pink, Safety Yellow, Purple, Big Dip O’ruby, Pale Taupe, Neon Pink, Terra Cotta
19:34:57| Created - 19:34:44.622545 Large marble: The Boss, marbles: Pale Taupe, Maximum Blue, Pastel Blue, Eerie Black, Pale Goldenrod, Blue, Brink Pink
19:34:57| Created - 19:34:44.685238 Large marble: 5-Star, marbles: Pale Plum, Zomp, Pale Taupe, Blue-Green, Liver Chestnut, Silver Chalice, Pale Taupe
19:34:57| Created - 19:34:44.748210 Large marble: Zeus, marbles: Sheen Green, Big Dip O’ruby, Pastel Gray, Fiery Rose, Thulian Pink, Blue-Green, Maximum Purple
19:34:57| Created - 19:34:44.809873 Large marble: Winner, marbles: Maximum Purple, Slate Blue, Russian Violet, Blue, Arylide Yellow, Isabelline, Duke Blue
19:34:57| Created - 19:34:44.872003 Large marble: Sure Shot, marbles: Lilac Luster, La Salle Green, Eerie Black, Indigo, Blue-Green, Big Dip O’ruby, Beaver
19:34:57| Created - 19:34:44.934780 Large marble: Zeus, marbles: Orange Soda, Mango Tango, Stop Red, Purple Plum, Orange Peel, Pale Taupe, Bistre Brown
19:34:57| Created - 19:34:44.997184 Large marble: Hercules, marbles: Emerald, Thulian Pink, Mulberry, Isabelline, Middle Red Purple, Purple Plum, Stop Red
19:34:57| Created - 19:34:45.059696 Large marble: Hercules, marbles: Zomp, Pastel Blue, Lavender Purple, Lilac Luster, La Salle Green, Orange Soda, Icterine
19:34:57| Created - 19:34:45.121709 Large marble: Hercules, marbles: Pale Goldenrod, Indigo, Mint Cream, Icterine, Middle Red Purple, Vegas Gold, Spanish Pink
19:34:57| Created - 19:34:45.184480 Large marble: Lucky, marbles: Eerie Black, Ivory, Pale Taupe, Beaver, Cotton Candy, Lilac Luster, Pale Taupe
19:34:57| Created - 19:34:45.247261 Large marble: 5-Star, marbles: Fiery Rose, Dark Fuchsia, Fiery Rose, Blue-Green, Shandy, Lavender Purple, Sheen Green
19:34:57| Created - 19:34:45.309288 Large marble: Hercules, marbles: Platinum, Blue-Green, Lavender Blue, Brink Pink, Gold, Sage, Orange Peel
19:34:57| Created - 19:34:45.370926 Large marble: Spinner, marbles: Isabelline, Lavender Blue, Mode Beige, Middle Green, Dark Moss Green, Sheen Green, Rose Dust
19:34:57| Created - 19:34:45.433920 Large marble: 5-Star, marbles: Lumber, Orange Soda, Middle Red Purple, Spanish Orange, Vegas Gold, Fiery Rose, Mango Tango
19:34:57| Created - 19:34:45.495371 Large marble: Winner, marbles: Pale Taupe, Tuscan Brown, Silver Chalice, Ruby, Mango Tango, Liver Chestnut, Light Orange
19:34:57| Created - 19:34:45.557346 Large marble: Zeus, marbles: Mint Cream, Shandy, Gold, Mimi Pink, Auburn, Purple Plum, Dark Fuchsia
19:34:57| Created - 19:34:45.620085 Large marble: Spinner, marbles: Indigo, Sheen Green, Maximum Blue, Orange Peel, Cotton Candy, Neon Silver, Maximum Blue
19:34:57| Created - 19:34:45.683015 Large marble: The Boss, marbles: Icterine, Stop Red, Platinum, Pale Plum, Indigo, Blue-Green, Lavender Blue
19:34:57| Created - 19:34:45.745033 Large marble: The Boss, marbles: Big Dip O’ruby, Middle Red Purple, Almond, Isabelline, Lavender Blue, Purple Plum, Mode Beige
19:34:57| Created - 19:34:45.808161 Large marble: Spinner, marbles: Pastel Blue, White Smoke, Vegas Gold, Royal Blue, Sage, Almond, Silver Chalice
19:34:57| Created - 19:34:45.870454 Large marble: The Boss, marbles: Bistre Brown, Pale Taupe, Big Dip O’ruby, Fiery Rose, Mint Green, Stop Red, Lavender Purple
19:34:57| Created - 19:34:45.932094 Large marble: The Boss, marbles: Blue-Green, Spanish Carmine, Granny Smith Apple, Pale Plum, Antique Brass, Middle Green, Neon Dark Green
19:34:57| Created - 19:34:45.994895 Large marble: Spinner, marbles: Neon Silver, Lilac Luster, Mimi Pink, Tuscan Brown, Dark Moss Green, Mango Tango, Eerie Black
19:34:57| Created - 19:34:46.056774 Large marble: The Boss, marbles: Silver Chalice, Almond, Safety Yellow, Stop Red, Maximum Violet, Neon Pink, Pastel Blue
19:34:57| Created - 19:34:46.118877 Large marble: Sure Shot, marbles: Mint Cream, Maximum Purple, Chinese Red, Venetian Red, Outrageous Orange, Indigo, Green
19:34:57| Created - 19:34:46.180763 Large marble: Zeus, marbles: Antique Bronze, Bistre Brown, Gold, Granny Smith Apple, Mimi Pink, Isabelline, Lemon Lime
19:34:57| Created - 19:34:46.243474 Large marble: Apollo, marbles: Mimi Pink, Light Orange, Middle Green Yellow, Golden Yellow, Safety Yellow, Venetian Red, Tuscan Brown
19:34:57| Created - 19:34:46.304411 Large marble: Zeus, marbles: Arylide Yellow, Stop Red, La Salle Green, Lumber, Zomp, Liver Chestnut, Sheen Green
19:34:57| Created - 19:34:46.368149 Large marble: Winner, marbles: Brink Pink, Pale Taupe, Stop Red, Granny Smith Apple, Neon Pink, Gold, Cobalt Blue
19:34:57| Created - 19:34:46.430267 Large marble: Zeus, marbles: Lumber, Dark Moss Green, Spanish Pink, Antique Brass, Emerald, Sage, Slate Blue
19:34:57| Created - 19:34:46.491713 Large marble: The Boss, marbles: Brink Pink, Thulian Pink, Lilac Luster, Bistre Brown, Neon Pink, Lilac Luster, Pale Taupe
19:34:57| Created - 19:34:46.554625 Large marble: Winner, marbles: Antique Bronze, Russian Green, Pale Plum, Granny Smith Apple, Eerie Black, Maximum Purple, Neon Pink
19:34:57| Created - 19:34:46.617461 Large marble: Zeus, marbles: Zomp, Spanish Orange, Chinese Red, Middle Red Purple, Green, Neon Silver, Liver Chestnut
19:34:57| Created - 19:34:46.679262 Large marble: Hercules, marbles: Sheen Green, Beaver, Platinum, Silver Chalice, Lavender Purple, Blue, Candy Pink
19:34:57| Created - 19:34:46.743319 Large marble: Lucky, marbles: Light Orchid, Light Orange, Neon Pink, Honeydew, Big Dip O’ruby, Orange Peel, Eerie Black
19:34:57| Created - 19:34:46.806639 Large marble: The Boss, marbles: Antique Brass, Ivory, Black Coral, Sage, Outrageous Orange, Antique Brass, Ivory
19:34:57| Created - 19:34:46.868740 Large marble: Zeus, marbles: Sage, Auburn, Icterine, Silver Chalice, Spanish Pink, Blue-Green, Green
19:34:57| Created - 19:34:46.930403 Large marble: Apollo, marbles: Ivory, Russian Green, Safety Yellow, Russian Violet, Brink Pink, Big Dip O’ruby, Tuscan Brown
19:34:57| Created - 19:34:46.992281 Large marble: 5-Star, marbles: Venetian Red, Spanish Carmine, Lumber, Isabelline, Cotton Candy, Lavender Blue, Lemon Lime
19:34:57| Created - 19:34:47.053029 Large marble: Sure Shot, marbles: Maximum Violet, Purple, Golden Yellow, Middle Green Yellow, Honeydew, Chinese Red, Platinum
19:34:57| Created - 19:34:47.116329 Large marble: Spinner, marbles: Maximum Violet, Royal Red, Purple Plum, Golden Yellow, Pale Goldenrod, Eerie Black, Neon Silver
19:34:57| Created - 19:34:47.178614 Large marble: Sure Shot, marbles: Orange Soda, Gold, Middle Red Purple, Mint Green, La Salle Green, Terra Cotta, Royal Orange
19:34:57| Created - 19:34:47.240699 Large marble: Spinner, marbles: Golden Yellow, Maximum Violet, Granny Smith Apple, Pale Taupe, Liver Chestnut, Outrageous Orange, Liver Chestnut
19:34:57| Created - 19:34:47.303274 Large marble: Lucky, marbles: Auburn, Mango Tango, Platinum, Chinese Red, Duke Blue, Maximum Violet, Emerald
19:34:57| Created - 19:34:47.364914 Large marble: Zeus, marbles: Maximum Blue, Big Dip O’ruby, Safety Yellow, La Salle Green, Pale Cerulean, Indigo, Maximum Violet
19:34:57| Created - 19:34:47.427831 Large marble: Apollo, marbles: Blue Bell, Lemon Lime, Indigo, Pale Taupe, Dark Moss Green, Icterine, Outrageous Orange
19:34:57| Created - 19:34:47.489737 Large marble: Apollo, marbles: Orange Soda, Antique Bronze, Chinese Red, Pale Plum, Black Coral, Sheen Green, Pale Cerulean
19:34:57| Created - 19:34:47.553317 Large marble: Apollo, marbles: Sage, Cotton Candy, Platinum, Light Orchid, Pale Taupe, Russian Green, White Smoke
19:34:57| Created - 19:34:47.615432 Large marble: Apollo, marbles: Stop Red, Rose Quartz, Mulberry, Vegas Gold, Mint Green, Royal Blue, Lilac Luster
19:34:57| Created - 19:34:47.678215 Large marble: Lucky, marbles: Gold, Shandy, Golden Yellow, Platinum, Ruby, Cotton Candy, Safety Yellow
19:34:57| Created - 19:34:47.739220 Large marble: Apollo, marbles: Orange Soda, Arylide Yellow, Brink Pink, Emerald, Lavender Purple, Purple, Brown
19:34:57| Created - 19:34:47.801724 Large marble: Zeus, marbles: Duke Blue, Russian Violet, Chinese Red, Pastel Gray, Honeydew, Lumber, Pale Plum
19:34:57| Created - 19:34:47.865430 Large marble: Sure Shot, marbles: Blue-Green, Lavender Blue, Auburn, Neon Pink, Chinese Red, Russian Violet, Mint Cream
19:34:57| Created - 19:34:47.927469 Large marble: Hercules, marbles: Blue-Green, Indigo, Antique Brass, Pale Taupe, Spanish Carmine, Isabelline, Antique Bronze
19:34:57| Created - 19:34:47.989992 Large marble: 5-Star, marbles: Rose Quartz, Pale Cerulean, Neon Dark Green, Royal Blue, Venetian Red, Middle Green Yellow, Vegas Gold
19:34:57| Created - 19:34:48.052176 Large marble: 5-Star, marbles: Pale Goldenrod, Granny Smith Apple, Pale Goldenrod, Indigo, Icterine, Indigo, Big Dip O’ruby
19:34:57| Created - 19:34:48.127526 Large marble: Spinner, marbles: Fiery Rose, Tuscan Brown, Rose Dust, Rose Dust, Thulian Pink, Mimi Pink, Granny Smith Apple
19:34:57| Created - 19:34:48.180536 Large marble: Hercules, marbles: Candy Pink, Ivory, Arylide Yellow, Russian Green, Blue-Green, Spanish Pink, Purple
19:34:57| Created - 19:34:48.241525 Large marble: Zeus, marbles: Royal Blue, Golden Yellow, Royal Red, Orange Peel, Pale Taupe, Spanish Orange, Auburn
19:34:57| Created - 19:34:48.303550 Large marble: Lucky, marbles: Brink Pink, Middle Red Purple, Dark Moss Green, Maximum Violet, Auburn, Honeydew, Mint Cream
19:34:57| Number of gifts - 142
